[0311/010104.212:ERROR:process_reader_win.cc(151)] SuspendThread: Access is denied. (0x5)
[0311/010104.212:ERROR:process_reader_win.cc(151)] SuspendThread: Access is denied. (0x5)
[0311/010104.396:ERROR:process_reader_win.cc(151)] SuspendThread: Access is denied. (0x5)
[0311/010104.396:ERROR:process_reader_win.cc(151)] SuspendThread: Access is denied. (0x5)
[0311/010104.396:ERROR:process_reader_win.cc(151)] SuspendThread: Access is denied. (0x5)
[0311/010104.396:ERROR:process_reader_win.cc(151)] SuspendThread: Access is denied. (0x5)
[0311/010104.396:ERROR:process_reader_win.cc(151)] SuspendThread: Access is denied. (0x5)
[0311/010104.396:ERROR:process_reader_win.cc(151)] SuspendThread: Access is denied. (0x5)
[0311/010104.396:ERROR:process_reader_win.cc(151)] SuspendThread: Access is denied. (0x5)
[0311/010104.396:ERROR:process_reader_win.cc(151)] SuspendThread: Access is denied. (0x5)
[0311/010104.397:ERROR:process_reader_win.cc(151)] SuspendThread: Access is denied. (0x5)
[0311/010104.397:ERROR:process_reader_win.cc(151)] SuspendThread: Access is denied. (0x5)
[0311/010104.397:ERROR:process_reader_win.cc(151)] SuspendThread: Access is denied. (0x5)
[0311/010104.397:ERROR:process_reader_win.cc(151)] SuspendThread: Access is denied. (0x5)
[0311/010104.212:ERROR:process_reader_win.cc(123)] NtOpenThread: {Access Denied} A process has requested access to an object, but has not been granted those access rights. (0xc0000022)
[0311/010104.397:ERROR:process_reader_win.cc(123)] NtOpenThread: {Access Denied} A process has requested access to an object, but has not been granted those access rights. (0xc0000022)
[0311/010104.212:ERROR:process_reader_win.cc(123)] NtOpenThread: {Access Denied} A process has requested access to an object, but has not been granted those access rights. (0xc0000022)
[0311/010104.397:ERROR:process_reader_win.cc(123)] NtOpenThread: {Access Denied} A process has requested access to an object, but has not been granted those access rights. (0xc0000022)
[0311/010104.212:ERROR:process_reader_win.cc(123)] NtOpenThread: {Access Denied} A process has requested access to an object, but has not been granted those access rights. (0xc0000022)
[0311/010104.212:ERROR:process_reader_win.cc(123)] NtOpenThread: {Access Denied} A process has requested access to an object, but has not been granted those access rights. (0xc0000022)
[0311/010104.212:ERROR:process_reader_win.cc(123)] NtOpenThread: {Access Denied} A process has requested access to an object, but has not been granted those access rights. (0xc0000022)
[0311/010104.616:ERROR:exception_snapshot_win.cc(98)] thread ID 14196 not found in process
[0311/010104.616:ERROR:exception_snapshot_win.cc(98)] thread ID 13164 not found in process
[0311/010104.616:ERROR:exception_snapshot_win.cc(98)] thread ID 3412 not found in process
[0311/010104.616:ERROR:exception_snapshot_win.cc(98)] thread ID 9412 not found in process
[0311/010104.616:ERROR:exception_snapshot_win.cc(98)] thread ID 10148 not found in process
[0311/010104.616:ERROR:exception_snapshot_win.cc(98)] thread ID 9408 not found in process
[0311/010104.616:ERROR:exception_snapshot_win.cc(98)] thread ID 14328 not found in process
[0311/010104.624:ERROR:process_reader_win.cc(123)] NtOpenThread: {Access Denied} A process has requested access to an object, but has not been granted those access rights. (0xc0000022)
[0311/010104.624:ERROR:exception_snapshot_win.cc(98)] thread ID 11564 not found in process
[0311/010106.094:ERROR:process_info.cc(329)] VirtualQueryEx: Access is denied. (0x5)
[0311/010106.094:ERROR:process_info.cc(556)] ReadMemoryInfo failed
[0311/010106.094:ERROR:scoped_process_suspend.cc(40)] NtResumeProcess: An attempt was made to access an exiting process. (0xc000010a)
